2020-07-26 19:32:47.526  INFO 5556 --- [restartedMain] l.m.community.CommunityApplication       : Starting CommunityApplication on DESKTOP-QKBU13T with PID 5556 (D:\IdeaProjects\community\target\classes started by hanxu in D:\IdeaProjects\community)
2020-07-26 19:32:47.533  INFO 5556 --- [restartedMain] l.m.community.CommunityApplication       : No active profile set, falling back to default profiles: default
2020-07-26 19:32:47.610  INFO 5556 --- [restartedMain] .e.DevToolsPropertyDefaultsPostProcessor : Devtools property defaults active! Set 'spring.devtools.add-properties' to 'false' to disable
2020-07-26 19:32:47.610  INFO 5556 --- [restartedMain] .e.DevToolsPropertyDefaultsPostProcessor : For additional web related logging consider setting the 'logging.level.web' property to 'DEBUG'
2020-07-26 19:32:49.172  INFO 5556 --- [restartedMain] o.s.b.w.embedded.tomcat.TomcatWebServer  : Tomcat initialized with port(s): 80 (http)
2020-07-26 19:32:49.182  INFO 5556 --- [restartedMain] o.apache.catalina.core.StandardService   : Starting service [Tomcat]
2020-07-26 19:32:49.182  INFO 5556 --- [restartedMain] org.apache.catalina.core.StandardEngine  : Starting Servlet engine: [Apache Tomcat/9.0.36]
2020-07-26 19:32:49.296  INFO 5556 --- [restartedMain] o.a.c.c.C.[Tomcat].[localhost].[/]       : Initializing Spring embedded WebApplicationContext
2020-07-26 19:32:49.297  INFO 5556 --- [restartedMain] w.s.c.ServletWebServerApplicationContext : Root WebApplicationContext: initialization completed in 1686 ms
2020-07-26 19:32:49.342  INFO 5556 --- [restartedMain] com.zaxxer.hikari.HikariDataSource       : HikariPool-1 - Starting...
2020-07-26 19:32:49.525  INFO 5556 --- [restartedMain] com.zaxxer.hikari.HikariDataSource       : HikariPool-1 - Start completed.
2020-07-26 19:32:49.532  INFO 5556 --- [restartedMain] o.s.b.a.h2.H2ConsoleAutoConfiguration    : H2 console available at '/h2-console'. Database available at 'jdbc:h2:~/community'
2020-07-26 19:32:50.186  INFO 5556 --- [restartedMain] o.s.s.concurrent.ThreadPoolTaskExecutor  : Initializing ExecutorService 'applicationTaskExecutor'
2020-07-26 19:32:50.257  INFO 5556 --- [restartedMain] o.s.b.a.w.s.WelcomePageHandlerMapping    : Adding welcome page template: index
2020-07-26 19:32:50.555  INFO 5556 --- [restartedMain] o.s.b.d.a.OptionalLiveReloadServer       : LiveReload server is running on port 35729
2020-07-26 19:32:50.592  INFO 5556 --- [restartedMain] o.s.b.w.embedded.tomcat.TomcatWebServer  : Tomcat started on port(s): 80 (http) with context path ''
2020-07-26 19:32:50.603  INFO 5556 --- [restartedMain] l.m.community.CommunityApplication       : Started CommunityApplication in 3.612 seconds (JVM running for 5.032)
2020-07-26 19:33:22.071  INFO 5556 --- [http-nio-80-exec-1] o.a.c.c.C.[Tomcat].[localhost].[/]       : Initializing Spring DispatcherServlet 'dispatcherServlet'
2020-07-26 19:33:22.071  INFO 5556 --- [http-nio-80-exec-1] o.s.web.servlet.DispatcherServlet        : Initializing Servlet 'dispatcherServlet'
2020-07-26 19:33:22.077  INFO 5556 --- [http-nio-80-exec-1] o.s.web.servlet.DispatcherServlet        : Completed initialization in 6 ms
2020-07-26 19:49:40.045  INFO 2396 --- [restartedMain] l.m.community.CommunityApplication       : Starting CommunityApplication on DESKTOP-QKBU13T with PID 2396 (D:\IdeaProjects\community\target\classes started by hanxu in D:\IdeaProjects\community)
2020-07-26 19:49:40.048  INFO 2396 --- [restartedMain] l.m.community.CommunityApplication       : No active profile set, falling back to default profiles: default
2020-07-26 19:49:40.129  INFO 2396 --- [restartedMain] .e.DevToolsPropertyDefaultsPostProcessor : Devtools property defaults active! Set 'spring.devtools.add-properties' to 'false' to disable
2020-07-26 19:49:40.129  INFO 2396 --- [restartedMain] .e.DevToolsPropertyDefaultsPostProcessor : For additional web related logging consider setting the 'logging.level.web' property to 'DEBUG'
2020-07-26 19:49:41.429  INFO 2396 --- [restartedMain] o.s.b.w.embedded.tomcat.TomcatWebServer  : Tomcat initialized with port(s): 80 (http)
2020-07-26 19:49:41.438  INFO 2396 --- [restartedMain] o.apache.catalina.core.StandardService   : Starting service [Tomcat]
2020-07-26 19:49:41.438  INFO 2396 --- [restartedMain] org.apache.catalina.core.StandardEngine  : Starting Servlet engine: [Apache Tomcat/9.0.36]
2020-07-26 19:49:41.542  INFO 2396 --- [restartedMain] o.a.c.c.C.[Tomcat].[localhost].[/]       : Initializing Spring embedded WebApplicationContext
2020-07-26 19:49:41.542  INFO 2396 --- [restartedMain] w.s.c.ServletWebServerApplicationContext : Root WebApplicationContext: initialization completed in 1413 ms
2020-07-26 19:49:41.583  INFO 2396 --- [restartedMain] com.zaxxer.hikari.HikariDataSource       : HikariPool-1 - Starting...
2020-07-26 19:49:41.738  INFO 2396 --- [restartedMain] com.zaxxer.hikari.HikariDataSource       : HikariPool-1 - Start completed.
2020-07-26 19:49:41.744  INFO 2396 --- [restartedMain] o.s.b.a.h2.H2ConsoleAutoConfiguration    : H2 console available at '/h2-console'. Database available at 'jdbc:h2:~/community'
2020-07-26 19:49:42.330  INFO 2396 --- [restartedMain] o.s.s.concurrent.ThreadPoolTaskExecutor  : Initializing ExecutorService 'applicationTaskExecutor'
2020-07-26 19:49:42.392  INFO 2396 --- [restartedMain] o.s.b.a.w.s.WelcomePageHandlerMapping    : Adding welcome page template: index
2020-07-26 19:49:42.667  INFO 2396 --- [restartedMain] o.s.b.d.a.OptionalLiveReloadServer       : LiveReload server is running on port 35729
2020-07-26 19:49:42.705  INFO 2396 --- [restartedMain] o.s.b.w.embedded.tomcat.TomcatWebServer  : Tomcat started on port(s): 80 (http) with context path ''
2020-07-26 19:49:42.714  INFO 2396 --- [restartedMain] l.m.community.CommunityApplication       : Started CommunityApplication in 3.098 seconds (JVM running for 4.44)
2020-07-26 19:49:52.189  INFO 2396 --- [http-nio-80-exec-1] o.a.c.c.C.[Tomcat].[localhost].[/]       : Initializing Spring DispatcherServlet 'dispatcherServlet'
2020-07-26 19:49:52.189  INFO 2396 --- [http-nio-80-exec-1] o.s.web.servlet.DispatcherServlet        : Initializing Servlet 'dispatcherServlet'
2020-07-26 19:49:52.195  INFO 2396 --- [http-nio-80-exec-1] o.s.web.servlet.DispatcherServlet        : Completed initialization in 6 ms
2020-07-26 20:13:17.261  INFO 932 --- [restartedMain] l.m.community.CommunityApplication       : Starting CommunityApplication on DESKTOP-QKBU13T with PID 932 (D:\IdeaProjects\community\target\classes started by hanxu in D:\IdeaProjects\community)
2020-07-26 20:13:17.263  INFO 932 --- [restartedMain] l.m.community.CommunityApplication       : No active profile set, falling back to default profiles: default
2020-07-26 20:13:17.323  INFO 932 --- [restartedMain] .e.DevToolsPropertyDefaultsPostProcessor : Devtools property defaults active! Set 'spring.devtools.add-properties' to 'false' to disable
2020-07-26 20:13:17.323  INFO 932 --- [restartedMain] .e.DevToolsPropertyDefaultsPostProcessor : For additional web related logging consider setting the 'logging.level.web' property to 'DEBUG'
2020-07-26 20:13:19.298  INFO 932 --- [restartedMain] o.s.b.w.embedded.tomcat.TomcatWebServer  : Tomcat initialized with port(s): 80 (http)
2020-07-26 20:13:19.307  INFO 932 --- [restartedMain] o.apache.catalina.core.StandardService   : Starting service [Tomcat]
2020-07-26 20:13:19.307  INFO 932 --- [restartedMain] org.apache.catalina.core.StandardEngine  : Starting Servlet engine: [Apache Tomcat/9.0.36]
2020-07-26 20:13:19.437  INFO 932 --- [restartedMain] o.a.c.c.C.[Tomcat].[localhost].[/]       : Initializing Spring embedded WebApplicationContext
2020-07-26 20:13:19.438  INFO 932 --- [restartedMain] w.s.c.ServletWebServerApplicationContext : Root WebApplicationContext: initialization completed in 2115 ms
2020-07-26 20:13:19.492  INFO 932 --- [restartedMain] com.zaxxer.hikari.HikariDataSource       : HikariPool-1 - Starting...
2020-07-26 20:13:19.646  INFO 932 --- [restartedMain] com.zaxxer.hikari.HikariDataSource       : HikariPool-1 - Start completed.
2020-07-26 20:13:19.653  INFO 932 --- [restartedMain] o.s.b.a.h2.H2ConsoleAutoConfiguration    : H2 console available at '/h2-console'. Database available at 'jdbc:h2:~/community'
2020-07-26 20:13:20.275  INFO 932 --- [restartedMain] o.s.s.concurrent.ThreadPoolTaskExecutor  : Initializing ExecutorService 'applicationTaskExecutor'
2020-07-26 20:13:20.338  INFO 932 --- [restartedMain] o.s.b.a.w.s.WelcomePageHandlerMapping    : Adding welcome page template: index
2020-07-26 20:13:20.651  INFO 932 --- [restartedMain] o.s.b.d.a.OptionalLiveReloadServer       : LiveReload server is running on port 35729
2020-07-26 20:13:20.690  INFO 932 --- [restartedMain] o.s.b.w.embedded.tomcat.TomcatWebServer  : Tomcat started on port(s): 80 (http) with context path ''
2020-07-26 20:13:20.703  INFO 932 --- [restartedMain] l.m.community.CommunityApplication       : Started CommunityApplication in 3.866 seconds (JVM running for 5.036)
2020-07-26 20:13:45.466  INFO 932 --- [http-nio-80-exec-1] o.a.c.c.C.[Tomcat].[localhost].[/]       : Initializing Spring DispatcherServlet 'dispatcherServlet'
2020-07-26 20:13:45.467  INFO 932 --- [http-nio-80-exec-1] o.s.web.servlet.DispatcherServlet        : Initializing Servlet 'dispatcherServlet'
2020-07-26 20:13:45.473  INFO 932 --- [http-nio-80-exec-1] o.s.web.servlet.DispatcherServlet        : Completed initialization in 6 ms
